<?xml version="1.0" encoding="UTF-8"?>
<coverage generated="1576150826117" clover="3.2.0">
  <project timestamp="1576150826117" name="All files">
    <metrics statements="6" coveredstatements="3" conditionals="4" coveredconditionals="1" methods="2" coveredmethods="1" elements="12" coveredelements="5" complexity="0" loc="6" ncloc="6" packages="1" files="2" classes="2"/>
    <file name="subtract.js" path="/Users/tobias/Code/testing/subtract.js">
      <metrics statements="3" coveredstatements="0" conditionals="2" coveredconditionals="0" methods="1" coveredmethods="0"/>
      <line num="2" count="0" type="cond" truecount="0" falsecount="2"/>
      <line num="4" count="0" type="stmt"/>
      <line num="7" count="0" type="stmt"/>
    </file>
    <file name="sum.js" path="/Users/tobias/Code/testing/sum.js">
      <metrics statements="3" coveredstatements="3" conditionals="2" coveredconditionals="1" methods="1" coveredmethods="1"/>
      <line num="2" count="1" type="cond" truecount="1" falsecount="1"/>
      <line num="4" count="1" type="stmt"/>
      <line num="7" count="1" type="stmt"/>
    </file>
  </project>
</coverage>
